This is pdfTeX, Version 3.14159265-2.6-1.40.16 (TeX Live 2015/Debian) (preloaded format=pdflatex 2017.8.22)  28 FEB 2018 22:22
entering extended mode
 restricted \write18 enabled.
 %&-line parsing enabled.
**dedication.tex
(./dedication.tex
LaTeX2e <2016/02/01>
Babel <3.9q> and hyphenation patterns for 81 language(s) loaded.

! LaTeX Error: Environment citazioni undefined.

See the LaTeX manual or LaTeX Companion for explanation.
Type  H <return>  for immediate help.
 ...                                              
                                                  
l.2 \begin{citazioni}
                     
Your command was ignored.
Type  I <command> <return>  to replace it with another command,
or  <return>  to continue without it.


! LaTeX Error: Missing \begin{document}.

See the LaTeX manual or LaTeX Companion for explanation.
Type  H <return>  for immediate help.
 ...                                              
                                                  
l.3 \begin{flushright}
                      
You're in trouble here.  Try typing  <return>  to proceed.
If that doesn't work, type  X <return>  to quit.


Overfull \hbox (20.0pt too wide) in paragraph at lines 3--3
[] 
 []


Overfull \hbox (19.4221pt too wide) in paragraph at lines 4--5
 \OT1/cmr/m/it/10 This
 []


Overfull \hbox (16.61098pt too wide) in paragraph at lines 4--5
 \OT1/cmr/m/it/10 the-
 []


Overfull \hbox (11.24438pt too wide) in paragraph at lines 4--5
 \OT1/cmr/m/it/10 sis
 []


Overfull \hbox (7.15552pt too wide) in paragraph at lines 4--5
 \OT1/cmr/m/it/10 is
 []


Overfull \hbox (17.88875pt too wide) in paragraph at lines 4--5
 \OT1/cmr/m/it/10 ded-
 []


Overfull \hbox (6.6444pt too wide) in paragraph at lines 4--5
 \OT1/cmr/m/it/10 i-
 []


Overfull \hbox (21.72203pt too wide) in paragraph at lines 4--5
 \OT1/cmr/m/it/10 cated
 []


Overfull \hbox (8.43327pt too wide) in paragraph at lines 4--5
 \OT1/cmr/m/it/10 to
 []


Overfull \hbox (13.03325pt too wide) in paragraph at lines 4--5
 \OT1/cmr/m/it/10 my
 []


Overfull \hbox (17.50542pt too wide) in paragraph at lines 4--5
 \OT1/cmr/m/it/10 par-
 []


Overfull \hbox (20.69986pt too wide) in paragraph at lines 4--5
 \OT1/cmr/m/it/10 ents,
 []


Overfull \hbox (16.86658pt too wide) in paragraph at lines 4--5
 \OT1/cmr/m/it/10 who
 []


Overfull \hbox (26.83315pt too wide) in paragraph at lines 4--5
 \OT1/cmr/m/it/10 taught
 []


Overfull \hbox (12.7777pt too wide) in paragraph at lines 4--5
 \OT1/cmr/m/it/10 me
 []


Overfull \hbox (13.03323pt too wide) in paragraph at lines 4--5
 \OT1/cmr/m/it/10 the
 []


Overfull \hbox (22.23318pt too wide) in paragraph at lines 4--5
 \OT1/cmr/m/it/10 value
 []


Overfull \hbox (8.17773pt too wide) in paragraph at lines 4--5
 \OT1/cmr/m/it/10 of
 []


Overfull \hbox (11.88321pt too wide) in paragraph at lines 4--5
 \OT1/cmr/m/it/10 re-
 []


Overfull \hbox (20.69981pt too wide) in paragraph at lines 4--5
 \OT1/cmr/m/it/10 spect
 []


Overfull \hbox (15.84436pt too wide) in paragraph at lines 4--5
 \OT1/cmr/m/it/10 and
 []


Overfull \hbox (14.56657pt too wide) in paragraph at lines 4--5
 \OT1/cmr/m/it/10 un-
 []


Overfull \hbox (18.39986pt too wide) in paragraph at lines 4--5
 \OT1/cmr/m/it/10 con-
 []


Overfull \hbox (11.75548pt too wide) in paragraph at lines 4--5
 \OT1/cmr/m/it/10 di-
 []


Overfull \hbox (20.69986pt too wide) in paragraph at lines 4--5
 \OT1/cmr/m/it/10 tion-
 []


Overfull \hbox (15.58879pt too wide) in paragraph at lines 4--5
 \OT1/cmr/m/it/10 ally
 []


Overfull \hbox (12.26654pt too wide) in paragraph at lines 4--5
 \OT1/cmr/m/it/10 be-
 []


Overfull \hbox (24.02203pt too wide) in paragraph at lines 4--5
 \OT1/cmr/m/it/10 lieved
 []


Overfull \hbox (8.68884pt too wide) in paragraph at lines 4--5
 \OT1/cmr/m/it/10 in
 []


Overfull \hbox (15.84435pt too wide) in paragraph at lines 4--5
 \OT1/cmr/m/it/10 me,
 []


Overfull \hbox (15.84431pt too wide) in paragraph at lines 4--5
 \OT1/cmr/m/it/10 giv-
 []


Overfull \hbox (13.2888pt too wide) in paragraph at lines 4--5
 \OT1/cmr/m/it/10 ing
 []


Overfull \hbox (12.7777pt too wide) in paragraph at lines 4--5
 \OT1/cmr/m/it/10 me
 []


Overfull \hbox (13.03323pt too wide) in paragraph at lines 4--5
 \OT1/cmr/m/it/10 the
 []


Overfull \hbox (18.14433pt too wide) in paragraph at lines 4--5
 \OT1/cmr/m/it/10 sup-
 []


Overfull \hbox (17.24986pt too wide) in paragraph at lines 4--5
 \OT1/cmr/m/it/10 port
 []


Overfull \hbox (15.84436pt too wide) in paragraph at lines 4--5
 \OT1/cmr/m/it/10 and
 []


Overfull \hbox (13.03323pt too wide) in paragraph at lines 4--5
 \OT1/cmr/m/it/10 the
 []


Overfull \hbox (34.37195pt too wide) in paragraph at lines 4--5
 \OT1/cmr/m/it/10 strength
 []


Overfull \hbox (3.85553pt too wide) in paragraph at lines 4--5
 \OT1/cmr/m/it/10 I
 []


Overfull \hbox (31.17752pt too wide) in paragraph at lines 4--5
 \OT1/cmr/m/it/10 needed.
 []


Overfull \hbox (22.75539pt too wide) in paragraph at lines 4--5
 \OT1/cmr/m/it/10 From
 []


Overfull \hbox (13.03323pt too wide) in paragraph at lines 4--5
 \OT1/cmr/m/it/10 the
 []


Overfull \hbox (16.09985pt too wide) in paragraph at lines 4--5
 \OT1/cmr/m/it/10 bot-
 []


Overfull \hbox (16.61101pt too wide) in paragraph at lines 4--5
 \OT1/cmr/m/it/10 tom
 []


Overfull \hbox (8.17773pt too wide) in paragraph at lines 4--5
 \OT1/cmr/m/it/10 of
 []


Overfull \hbox (13.03325pt too wide) in paragraph at lines 4--5
 \OT1/cmr/m/it/10 my
 []


Overfull \hbox (30.02756pt too wide) in paragraph at lines 4--5
 \OT1/cmr/m/it/10 hearth,
 []


Overfull \hbox (23.76651pt too wide) in paragraph at lines 4--5
 \OT1/cmr/m/it/10 thank
 []


Overfull \hbox (18.39989pt too wide) in paragraph at lines 4--5
 \OT1/cmr/m/it/10 you.
 []


! LaTeX Error: \begin{document} ended by \end{citazioni}.

See the LaTeX manual or LaTeX Companion for explanation.
Type  H <return>  for immediate help.
 ...                                              
                                                  
l.6 \end{citazioni}
                   
Your command was ignored.
Type  I <command> <return>  to replace it with another command,
or  <return>  to continue without it.

)
! Emergency stop.
<*> dedication.tex
                  
*** (job aborted, no legal \end found)

 
Here is how much of TeX's memory you used:
 10 strings out of 493029
 192 string characters out of 6136234
 54090 words of memory out of 5000000
 3645 multiletter control sequences out of 15000+600000
 3986 words of font info for 15 fonts, out of 8000000 for 9000
 1141 hyphenation exceptions out of 8191
 13i,1n,10p,242b,112s stack positions out of 5000i,500n,10000p,200000b,80000s
!  ==> Fatal error occurred, no output PDF file produced!
