This is pdfTeX, Version 3.14159265-2.6-1.40.16 (TeX Live 2015/Debian) (preloaded format=pdflatex 2017.8.22)  25 MAR 2018 21:57
entering extended mode
 restricted \write18 enabled.
 %&-line parsing enabled.
**glossary.tex
(./glossary.tex
LaTeX2e <2016/02/01>
Babel <3.9q> and hyphenation patterns for 81 language(s) loaded.
! Undefined control sequence.
l.2 \nomenclature
                 {\textbf{RNN}}{Recurrent Neural Network}
? 
! Interruption.
<to be read again> 
                   {
l.2 \nomenclature{
                  \textbf{RNN}}{Recurrent Neural Network}
? ^^X^^X^^X^^X^^X^^X^^X^^X^^X^^X^^X^^X^^N
Type <return> to proceed, S to scroll future error messages,
R to run without stopping, Q to run quietly,
I to insert something, E to edit your file,
H for help, X to quit.
? ^^X
Type <return> to proceed, S to scroll future error messages,
R to run without stopping, Q to run quietly,
I to insert something, E to edit your file,
H for help, X to quit.
? X
 
Here is how much of TeX's memory you used:
 4 strings out of 493029
 130 string characters out of 6136234
 53090 words of memory out of 5000000
 3641 multiletter control sequences out of 15000+600000
 3640 words of font info for 14 fonts, out of 8000000 for 9000
 1141 hyphenation exceptions out of 8191
 8i,0n,2p,82b,12s stack positions out of 5000i,500n,10000p,200000b,80000s
No pages of output.
PDF statistics:
 0 PDF objects out of 1000 (max. 8388607)
 0 named destinations out of 1000 (max. 500000)
 1 words of extra memory for PDF output out of 10000 (max. 10000000)

