\BOOKMARK [0][]{chapter*.4}{List of Tables}{}% 1
\BOOKMARK [0][]{chapter*.5}{List of Figures}{}% 2
\BOOKMARK [0][]{chapter.1}{Introduction}{}% 3
\BOOKMARK [0][]{chapter.2}{Related Work}{}% 4
\BOOKMARK [0][]{chapter.3}{Background}{}% 5
\BOOKMARK [1][]{section.3.1}{Software-Defined Networking}{chapter.3}% 6
\BOOKMARK [1][]{section.3.2}{Knowledge-Defined Networking}{chapter.3}% 7
\BOOKMARK [1][]{section.3.3}{Routing}{chapter.3}% 8
\BOOKMARK [1][]{section.3.4}{Machine Learning}{chapter.3}% 9
\BOOKMARK [2][]{subsection.3.4.1}{Deep Learning}{section.3.4}% 10
\BOOKMARK [2][]{subsection.3.4.2}{LSTM}{section.3.4}% 11
\BOOKMARK [0][]{chapter.4}{Offloading Architecture}{}% 12
\BOOKMARK [1][]{section.4.1}{Task Offloading Architecture and Offloading Protocol}{chapter.4}% 13
\BOOKMARK [2][]{subsection.4.1.1}{Offloading Architecture}{section.4.1}% 14
\BOOKMARK [2][]{subsection.4.1.2}{Offloading Protocol}{section.4.1}% 15
\BOOKMARK [1][]{section.4.2}{Path prediction via Deep Learning}{chapter.4}% 16
\BOOKMARK [2][]{subsection.4.2.1}{Dataset}{section.4.2}% 17
\BOOKMARK [3][]{subsubsection.4.2.1.1}{Topology}{subsection.4.2.1}% 18
\BOOKMARK [3][]{subsubsection.4.2.1.2}{Routing information}{subsection.4.2.1}% 19
\BOOKMARK [3][]{subsubsection.4.2.1.3}{Router packet counter}{subsection.4.2.1}% 20
\BOOKMARK [3][]{subsubsection.4.2.1.4}{Dataset Generation}{subsection.4.2.1}% 21
\BOOKMARK [2][]{subsection.4.2.2}{Deep Learning Model}{section.4.2}% 22
\BOOKMARK [3][]{subsubsection.4.2.2.1}{Input/Output modeling}{subsection.4.2.2}% 23
\BOOKMARK [3][]{subsubsection.4.2.2.2}{Neural Network Architecture}{subsection.4.2.2}% 24
\BOOKMARK [1][]{section.4.3}{Implementation}{chapter.4}% 25
\BOOKMARK [0][]{chapter.5}{Results}{}% 26
\BOOKMARK [1][]{section.5.1}{Learning from OSPF}{chapter.5}% 27
\BOOKMARK [1][]{section.5.2}{Overwriting OSPF Routing}{chapter.5}% 28
\BOOKMARK [1][]{section.5.3}{A critical scenario}{chapter.5}% 29
\BOOKMARK [0][]{chapter.6}{Conclusions and Research Directions}{}% 30
\BOOKMARK [0][]{appendix.A}{Protocol messages implementation}{}% 31
\BOOKMARK [0][]{appendix.B}{Configure mininet to run the Quagga routing suite}{}% 32
\BOOKMARK [0][]{appendix*.20}{Bibliography}{}% 33
