This is pdfTeX, Version 3.14159265-2.6-1.40.16 (TeX Live 2015/Debian) (preloaded format=pdflatex 2017.8.22)  28 FEB 2018 21:25
entering extended mode
 restricted \write18 enabled.
 %&-line parsing enabled.
**toptesi.dtx
(./toptesi.dtx
LaTeX2e <2016/02/01>
Babel <3.9q> and hyphenation patterns for 81 language(s) loaded.
(/usr/share/texlive/texmf-dist/tex/latex/base/docstrip.tex
\blockLevel=\count79
\emptyLines=\count80
\processedLines=\count81
\commentsRemoved=\count82
\commentsPassed=\count83
\codeLinesPassed=\count84
\TotalprocessedLines=\count85
\TotalcommentsRemoved=\count86
\TotalcommentsPassed=\count87
\TotalcodeLinesPassed=\count88
\NumberOfFiles=\count89
\inFile=\read1
\inputcheck=\read2
\off@0=\count90
\off@1=\count91
\off@2=\count92
\off@3=\count93
\off@4=\count94
\off@5=\count95
\off@6=\count96
\off@7=\count97
\off@8=\count98
\off@9=\count99
\off@10=\count100
\off@11=\count101
\off@12=\count102
\off@13=\count103
\off@14=\count104
\off@15=\count105
\@maxfiles=\count106
\@maxoutfiles=\count107

Utility: `docstrip' 2.5e <2014/09/29>
English documentation    <2014/09/29>

**********************************************************
* This program converts documented macro-files into fast *
* loadable files by stripping off (nearly) all comments! *
**********************************************************

********************************************************
* No Configuration file found, using default settings. *
********************************************************

)

Generating file(s) ./toptesi.cls ./toptesi.sty ./topcoman.sty ./topfront.sty ./
toptesi.cfg ./toptesi-scudo.sty ./toptesi-monografia.sty ./toptesi-sss.sty ./to
ptesi-magistrale.sty ./toptesi-dottorale.sty 
\openout0 = `./toptesi.cls'.

\openout1 = `./toptesi.sty'.

\openout2 = `./topcoman.sty'.

\openout3 = `./topfront.sty'.

\openout4 = `./toptesi.cfg'.

\openout5 = `./toptesi-scudo.sty'.

\openout6 = `./toptesi-monografia.sty'.

\openout7 = `./toptesi-sss.sty'.

\openout8 = `./toptesi-magistrale.sty'.

\openout9 = `./toptesi-dottorale.sty'.


Processing file toptesi.dtx (class) -> toptesi.cls
                            (topsty) -> toptesi.sty
                            (topcmn) -> topcoman.sty
                            (topfrn) -> topfront.sty
                            (topcfg) -> toptesi.cfg
                            (topscu) -> toptesi-scudo.sty
                            (topmon) -> toptesi-monografia.sty
                            (topsss) -> toptesi-sss.sty
                            (topmag) -> toptesi-magistrale.sty
                            (topdoc) -> toptesi-dottorale.sty
File toptesi.dtx ended by \endinput.
Lines  processed: 8392
Comments removed: 5143
Comments  passed: 20
Codelines passed: 3181

File: toptesi.dtx 2018/01/12 v.\protect \unhbox \voidb@x \penalty \@M \ {}6.1.1
2 
(/usr/share/texlive/texmf-dist/tex/latex/base/ltxdoc.cls
Document Class: ltxdoc 2015/03/26 v2.0w Standard LaTeX documentation class
(/usr/share/texlive/texmf-dist/tex/latex/base/article.cls
Document Class: article 2014/09/29 v1.4h Standard LaTeX document class
(/usr/share/texlive/texmf-dist/tex/latex/base/size10.clo
File: size10.clo 2014/09/29 v1.4h Standard LaTeX file (size option)
)
\c@part=\count108
\c@section=\count109
\c@subsection=\count110
\c@subsubsection=\count111
\c@paragraph=\count112
\c@subparagraph=\count113
\c@figure=\count114
\c@table=\count115
\abovecaptionskip=\skip41
\belowcaptionskip=\skip42
\bibindent=\dimen102
)
(/usr/share/texlive/texmf-dist/tex/latex/base/doc.sty
Package: doc 2014/09/29 v2.1e Standard LaTeX documentation package (FMi)
\c@StandardModuleDepth=\count116
\guard@level=\count117
\MacrocodeTopsep=\skip43
\MacroIndent=\dimen103
\macro@cnt=\count118
\MacroTopsep=\skip44
\index@excludelist=\toks14

(/usr/share/texlive/texmf-dist/tex/latex/tools/multicol.sty
Package: multicol 2015/08/19 v1.8n multicolumn formatting (FMi)
\c@tracingmulticols=\count119
\mult@box=\box26
\multicol@leftmargin=\dimen104
\c@unbalance=\count120
\c@collectmore=\count121
\doublecol@number=\count122
\multicoltolerance=\count123
\multicolpretolerance=\count124
\full@width=\dimen105
\page@free=\dimen106
\premulticols=\dimen107
\postmulticols=\dimen108
\multicolsep=\skip45
\multicolbaselineskip=\skip46
\partial@page=\box27
\last@line=\box28
\maxbalancingoverflow=\dimen109
\mult@rightbox=\box29
\mult@grightbox=\box30
\mult@gfirstbox=\box31
\mult@firstbox=\box32
\@tempa=\box33
\@tempa=\box34
\@tempa=\box35
\@tempa=\box36
\@tempa=\box37
\@tempa=\box38
\@tempa=\box39
\@tempa=\box40
\@tempa=\box41
\@tempa=\box42
\@tempa=\box43
\@tempa=\box44
\@tempa=\box45
\@tempa=\box46
\@tempa=\box47
\@tempa=\box48
\@tempa=\box49
\c@columnbadness=\count125
\c@finalcolumnbadness=\count126
\last@try=\dimen110
\multicolovershoot=\dimen111
\multicolundershoot=\dimen112
\mult@nat@firstbox=\box50
\colbreak@box=\box51
\mc@col@check@num=\count127
)
\IndexMin=\dimen113
\c@IndexColumns=\count128
\GlossaryMin=\dimen114
\c@GlossaryColumns=\count129
\check@sum=\count130
\bslash@cnt=\count131
\wrong@table=\toks15
\c@CodelineNo=\count132
))
(/usr/share/texlive/texmf-dist/tex/latex/metalogo/metalogo.sty
Package: metalogo 2010/05/29 v0.12 Extended TeX logo macros

(/usr/share/texlive/texmf-dist/tex/latex/graphics/graphicx.sty
Package: graphicx 2014/10/28 v1.0g Enhanced LaTeX Graphics (DPC,SPQR)

(/usr/share/texlive/texmf-dist/tex/latex/graphics/keyval.sty
Package: keyval 2014/10/28 v1.15 key=value parser (DPC)
\KV@toks@=\toks16
)
(/usr/share/texlive/texmf-dist/tex/latex/graphics/graphics.sty
Package: graphics 2016/01/03 v1.0q Standard LaTeX Graphics (DPC,SPQR)

(/usr/share/texlive/texmf-dist/tex/latex/graphics/trig.sty
Package: trig 2016/01/03 v1.10 sin cos tan (DPC)
)
(/usr/share/texlive/texmf-dist/tex/latex/latexconfig/graphics.cfg
File: graphics.cfg 2010/04/23 v1.9 graphics configuration of TeX Live
)
Package graphics Info: Driver file: pdftex.def on input line 95.

(/usr/share/texlive/texmf-dist/tex/latex/pdftex-def/pdftex.def
File: pdftex.def 2011/05/27 v0.06d Graphics/color for pdfTeX

(/usr/share/texlive/texmf-dist/tex/generic/oberdiek/infwarerr.sty
Package: infwarerr 2010/04/08 v1.3 Providing info/warning/error messages (HO)
)
(/usr/share/texlive/texmf-dist/tex/generic/oberdiek/ltxcmds.sty
Package: ltxcmds 2011/11/09 v1.22 LaTeX kernel commands for general use (HO)
)
\Gread@gobject=\count133
))
\Gin@req@height=\dimen115
\Gin@req@width=\dimen116
)
(/usr/share/texlive/texmf-dist/tex/generic/ifxetex/ifxetex.sty
Package: ifxetex 2010/09/12 v0.6 Provides ifxetex conditional
)
\xl@everylogo=\toks17
\xl@@everylogo=\toks18
LaTeX Info: Redefining \TeX on input line 193.
LaTeX Info: Redefining \LaTeX on input line 202.
LaTeX Info: Redefining \LaTeXe on input line 219.
)
(/usr/share/texlive/texmf-dist/tex/latex/enumitem/enumitem.sty
Package: enumitem 2011/09/28 v3.5.2 Customized lists
\labelindent=\skip47
\enit@outerparindent=\dimen117
\enit@toks=\toks19
\enit@inbox=\box52
\enitdp@description=\count134
)
(/usr/share/texlive/texmf-dist/tex/latex/tools/xspace.sty
Package: xspace 2014/10/28 v1.13 Space after command names (DPC,MH)
)
(/usr/share/texlive/texmf-dist/tex/latex/l3packages/xparse/xparse.sty
(/usr/share/texlive/texmf-dist/tex/latex/l3kernel/expl3.sty
Package: expl3 2016/01/19 v6377 L3 programming layer (loader) 

(/usr/share/texlive/texmf-dist/tex/latex/l3kernel/expl3-code.tex
Package: expl3 2016/01/19 v6377 L3 programming layer (code)
L3 Module: l3bootstrap 2016/01/01 v6339 L3 Bootstrap code
L3 Module: l3names 2015/12/21 v6328 L3 Namespace for primitives
L3 Module: l3basics 2015/11/22 v6315 L3 Basic definitions
L3 Module: l3expan 2015/09/10 v5983 L3 Argument expansion
L3 Module: l3tl 2015/09/29 v6121 L3 Token lists
L3 Module: l3str 2016/01/03 v6357 L3 Strings
L3 Module: l3seq 2015/08/05 v5777 L3 Sequences and stacks
L3 Module: l3int 2016/01/05 v6366 L3 Integers
\c_max_int=\count135
\l_tmpa_int=\count136
\l_tmpb_int=\count137
\g_tmpa_int=\count138
\g_tmpb_int=\count139
L3 Module: l3quark 2015/08/17 v5855 L3 Quarks
L3 Module: l3prg 2015/11/01 v6216 L3 Control structures
\g__prg_map_int=\count140
L3 Module: l3clist 2015/09/02 v5901 L3 Comma separated lists
L3 Module: l3token 2015/11/11 v6249 L3 Experimental token manipulation
L3 Module: l3prop 2016/01/05 v6366 L3 Property lists
L3 Module: l3msg 2015/09/28 v6113 L3 Messages
L3 Module: l3file 2015/12/03 v6317 L3 File and I/O operations
\l_iow_line_count_int=\count141
\l__iow_target_count_int=\count142
\l__iow_current_line_int=\count143
\l__iow_current_word_int=\count144
\l__iow_current_indentation_int=\count145
L3 Module: l3skip 2016/01/05 v6366 L3 Dimensions and skips
\c_zero_dim=\dimen118
\c_max_dim=\dimen119
\l_tmpa_dim=\dimen120
\l_tmpb_dim=\dimen121
\g_tmpa_dim=\dimen122
\g_tmpb_dim=\dimen123
\c_zero_skip=\skip48
\c_max_skip=\skip49
\l_tmpa_skip=\skip50
\l_tmpb_skip=\skip51
\g_tmpa_skip=\skip52
\g_tmpb_skip=\skip53
\c_zero_muskip=\muskip10
\c_max_muskip=\muskip11
\l_tmpa_muskip=\muskip12
\l_tmpb_muskip=\muskip13
\g_tmpa_muskip=\muskip14
\g_tmpb_muskip=\muskip15
L3 Module: l3keys 2015/11/17 v6284 L3 Key-value interfaces
\g__keyval_level_int=\count146
\l_keys_choice_int=\count147
L3 Module: l3fp 2015/08/25 v5890 L3 Floating points
\c__fp_leading_shift_int=\count148
\c__fp_middle_shift_int=\count149
\c__fp_trailing_shift_int=\count150
\c__fp_big_leading_shift_int=\count151
\c__fp_big_middle_shift_int=\count152
\c__fp_big_trailing_shift_int=\count153
\c__fp_Bigg_leading_shift_int=\count154
\c__fp_Bigg_middle_shift_int=\count155
\c__fp_Bigg_trailing_shift_int=\count156
L3 Module: l3box 2015/08/09 v5822 L3 Experimental boxes
\c_empty_box=\box53
\l_tmpa_box=\box54
\l_tmpb_box=\box55
\g_tmpa_box=\box56
\g_tmpb_box=\box57
L3 Module: l3coffins 2015/08/06 v5789 L3 Coffin code layer
\l__coffin_internal_box=\box58
\l__coffin_internal_dim=\dimen124
\l__coffin_offset_x_dim=\dimen125
\l__coffin_offset_y_dim=\dimen126
\l__coffin_x_dim=\dimen127
\l__coffin_y_dim=\dimen128
\l__coffin_x_prime_dim=\dimen129
\l__coffin_y_prime_dim=\dimen130
\c_empty_coffin=\box59
\l__coffin_aligned_coffin=\box60
\l__coffin_aligned_internal_coffin=\box61
\l_tmpa_coffin=\box62
\l_tmpb_coffin=\box63
\l__coffin_display_coffin=\box64
\l__coffin_display_coord_coffin=\box65
\l__coffin_display_pole_coffin=\box66
\l__coffin_display_offset_dim=\dimen131
\l__coffin_display_x_dim=\dimen132
\l__coffin_display_y_dim=\dimen133
L3 Module: l3color 2014/08/23 v5354 L3 Experimental color support
L3 Module: l3sys 2015/09/25 v6087 L3 Experimental system/runtime functions
L3 Module: l3candidates 2016/01/14 v6376 L3 Experimental additions to l3kernel
\l__box_top_dim=\dimen134
\l__box_bottom_dim=\dimen135
\l__box_left_dim=\dimen136
\l__box_right_dim=\dimen137
\l__box_top_new_dim=\dimen138
\l__box_bottom_new_dim=\dimen139
\l__box_left_new_dim=\dimen140
\l__box_right_new_dim=\dimen141
\l__box_internal_box=\box67
\l__coffin_bounding_shift_dim=\dimen142
\l__coffin_left_corner_dim=\dimen143
\l__coffin_right_corner_dim=\dimen144
\l__coffin_bottom_corner_dim=\dimen145
\l__coffin_top_corner_dim=\dimen146
\l__coffin_scaled_total_height_dim=\dimen147
\l__coffin_scaled_width_dim=\dimen148
L3 Module: l3luatex 2015/11/11 v6250 L3 Experimental LuaTeX-specific functions
)
(/usr/share/texlive/texmf-dist/tex/latex/l3kernel/l3pdfmode.def
File: l3pdfmode.def 2015/11/11 v6250 L3 Experimental driver: PDF mode
\l__driver_color_stack_int=\count157
))
Package: xparse 2016/01/19 v6377 L3 Experimental document command parser
\l__xparse_current_arg_int=\count158
\l__xparse_m_args_int=\count159
\l__xparse_mandatory_args_int=\count160
\l__xparse_processor_int=\count161
\l__xparse_v_nesting_int=\count162
)
(/usr/share/texlive/texmf-dist/tex/latex/curve2e/curve2e.sty
Package: curve2e 2015/07/11 v.1.60 Extension package for pict2e

(/usr/share/texlive/texmf-dist/tex/latex/graphics/color.sty
Package: color 2016/01/03 v1.1b Standard LaTeX Color (DPC)

(/usr/share/texlive/texmf-dist/tex/latex/latexconfig/color.cfg
File: color.cfg 2007/01/18 v1.5 color configuration of teTeX/TeXLive
)
Package color Info: Driver file: pdftex.def on input line 143.
)
(/usr/share/texlive/texmf-dist/tex/latex/pict2e/pict2e.sty
Package: pict2e 2016/02/05 v0.3b Improved picture commands (HjG,RN,JT)

(/usr/share/texlive/texmf-dist/tex/latex/pict2e/pict2e.cfg
File: pict2e.cfg 2016/02/05 v0.1u pict2e configuration for teTeX/TeXLive
)
Package pict2e Info: Driver file: pdftex.def on input line 119.
Package pict2e Info: Driver file for pict2e: p2e-pdftex.def on input line 121.

(/usr/share/texlive/texmf-dist/tex/latex/pict2e/p2e-pdftex.def
File: p2e-pdftex.def 2016/02/05 v0.1u Driver-dependant file (RN,HjG,JT)
)
\pIIe@GRAPH=\toks20
\@arclen=\dimen149
\@arcrad=\dimen150
\@tempdimd=\dimen151
)
\@tdA=\dimen152
\@tdB=\dimen153
\@tdC=\dimen154
\@tdD=\dimen155
\@tdE=\dimen156
\@tdF=\dimen157
\defaultlinewidth=\dimen158
)
(/usr/share/texlive/texmf-dist/tex/latex/etoolbox/etoolbox.sty
Package: etoolbox 2015/08/02 v2.2a e-TeX tools for LaTeX (JAW)
\etb@tempcnta=\count163
)
(/usr/share/texlive/texmf-dist/tex/latex/base/textcomp.sty
Package: textcomp 2005/09/27 v1.99g Standard LaTeX package
Package textcomp Info: Sub-encoding information:
(textcomp)               5 = only ISO-Adobe without \textcurrency
(textcomp)               4 = 5 + \texteuro
(textcomp)               3 = 4 + \textohm
(textcomp)               2 = 3 + \textestimated + \textcurrency
(textcomp)               1 = TS1 - \textcircled - \t
(textcomp)               0 = TS1 (full)
(textcomp)             Font families with sub-encoding setting implement
(textcomp)             only a restricted character set as indicated.
(textcomp)             Family '?' is the default used for unknown fonts.
(textcomp)             See the documentation for details.
Package textcomp Info: Setting ? sub-encoding to TS1/1 on input line 79.

(/usr/share/texlive/texmf-dist/tex/latex/base/ts1enc.def
File: ts1enc.def 2001/06/05 v3.0e (jk/car/fm) Standard LaTeX file
)
LaTeX Info: Redefining \oldstylenums on input line 334.
Package textcomp Info: Setting cmr sub-encoding to TS1/0 on input line 349.
Package textcomp Info: Setting cmss sub-encoding to TS1/0 on input line 350.
Package textcomp Info: Setting cmtt sub-encoding to TS1/0 on input line 351.
Package textcomp Info: Setting cmvtt sub-encoding to TS1/0 on input line 352.
Package textcomp Info: Setting cmbr sub-encoding to TS1/0 on input line 353.
Package textcomp Info: Setting cmtl sub-encoding to TS1/0 on input line 354.
Package textcomp Info: Setting ccr sub-encoding to TS1/0 on input line 355.
Package textcomp Info: Setting ptm sub-encoding to TS1/4 on input line 356.
Package textcomp Info: Setting pcr sub-encoding to TS1/4 on input line 357.
Package textcomp Info: Setting phv sub-encoding to TS1/4 on input line 358.
Package textcomp Info: Setting ppl sub-encoding to TS1/3 on input line 359.
Package textcomp Info: Setting pag sub-encoding to TS1/4 on input line 360.
Package textcomp Info: Setting pbk sub-encoding to TS1/4 on input line 361.
Package textcomp Info: Setting pnc sub-encoding to TS1/4 on input line 362.
Package textcomp Info: Setting pzc sub-encoding to TS1/4 on input line 363.
Package textcomp Info: Setting bch sub-encoding to TS1/4 on input line 364.
Package textcomp Info: Setting put sub-encoding to TS1/5 on input line 365.
Package textcomp Info: Setting uag sub-encoding to TS1/5 on input line 366.
Package textcomp Info: Setting ugq sub-encoding to TS1/5 on input line 367.
Package textcomp Info: Setting ul8 sub-encoding to TS1/4 on input line 368.
Package textcomp Info: Setting ul9 sub-encoding to TS1/4 on input line 369.
Package textcomp Info: Setting augie sub-encoding to TS1/5 on input line 370.
Package textcomp Info: Setting dayrom sub-encoding to TS1/3 on input line 371.
Package textcomp Info: Setting dayroms sub-encoding to TS1/3 on input line 372.

Package textcomp Info: Setting pxr sub-encoding to TS1/0 on input line 373.
Package textcomp Info: Setting pxss sub-encoding to TS1/0 on input line 374.
Package textcomp Info: Setting pxtt sub-encoding to TS1/0 on input line 375.
Package textcomp Info: Setting txr sub-encoding to TS1/0 on input line 376.
Package textcomp Info: Setting txss sub-encoding to TS1/0 on input line 377.
Package textcomp Info: Setting txtt sub-encoding to TS1/0 on input line 378.
Package textcomp Info: Setting lmr sub-encoding to TS1/0 on input line 379.
Package textcomp Info: Setting lmdh sub-encoding to TS1/0 on input line 380.
Package textcomp Info: Setting lmss sub-encoding to TS1/0 on input line 381.
Package textcomp Info: Setting lmssq sub-encoding to TS1/0 on input line 382.
Package textcomp Info: Setting lmvtt sub-encoding to TS1/0 on input line 383.
Package textcomp Info: Setting lmtt sub-encoding to TS1/0 on input line 384.
Package textcomp Info: Setting qhv sub-encoding to TS1/0 on input line 385.
Package textcomp Info: Setting qag sub-encoding to TS1/0 on input line 386.
Package textcomp Info: Setting qbk sub-encoding to TS1/0 on input line 387.
Package textcomp Info: Setting qcr sub-encoding to TS1/0 on input line 388.
Package textcomp Info: Setting qcs sub-encoding to TS1/0 on input line 389.
Package textcomp Info: Setting qpl sub-encoding to TS1/0 on input line 390.
Package textcomp Info: Setting qtm sub-encoding to TS1/0 on input line 391.
Package textcomp Info: Setting qzc sub-encoding to TS1/0 on input line 392.
Package textcomp Info: Setting qhvc sub-encoding to TS1/0 on input line 393.
Package textcomp Info: Setting futs sub-encoding to TS1/4 on input line 394.
Package textcomp Info: Setting futx sub-encoding to TS1/4 on input line 395.
Package textcomp Info: Setting futj sub-encoding to TS1/4 on input line 396.
Package textcomp Info: Setting hlh sub-encoding to TS1/3 on input line 397.
Package textcomp Info: Setting hls sub-encoding to TS1/3 on input line 398.
Package textcomp Info: Setting hlst sub-encoding to TS1/3 on input line 399.
Package textcomp Info: Setting hlct sub-encoding to TS1/5 on input line 400.
Package textcomp Info: Setting hlx sub-encoding to TS1/5 on input line 401.
Package textcomp Info: Setting hlce sub-encoding to TS1/5 on input line 402.
Package textcomp Info: Setting hlcn sub-encoding to TS1/5 on input line 403.
Package textcomp Info: Setting hlcw sub-encoding to TS1/5 on input line 404.
Package textcomp Info: Setting hlcf sub-encoding to TS1/5 on input line 405.
Package textcomp Info: Setting pplx sub-encoding to TS1/3 on input line 406.
Package textcomp Info: Setting pplj sub-encoding to TS1/3 on input line 407.
Package textcomp Info: Setting ptmx sub-encoding to TS1/4 on input line 408.
Package textcomp Info: Setting ptmj sub-encoding to TS1/4 on input line 409.
)
.................................................
. LaTeX info: "xparse/define-command"
. 
. Defining command \Zbox with sig. 'R(){0,0} D(){0,0} O{bl} m' on line 221.
.................................................
.................................................
. LaTeX info: "xparse/define-command"
. 
. Defining command \fileicon with sig. 'R(){0,0} m' on line 230.
.................................................

No file toptesi.aux.
\openout1 = `toptesi.aux'.

LaTeX Font Info:    Checking defaults for OML/cmm/m/it on input line 242.
LaTeX Font Info:    ... okay on input line 242.
LaTeX Font Info:    Checking defaults for T1/cmr/m/n on input line 242.
LaTeX Font Info:    ... okay on input line 242.
LaTeX Font Info:    Checking defaults for OT1/cmr/m/n on input line 242.
LaTeX Font Info:    ... okay on input line 242.
LaTeX Font Info:    Checking defaults for OMS/cmsy/m/n on input line 242.
LaTeX Font Info:    ... okay on input line 242.
LaTeX Font Info:    Checking defaults for OMX/cmex/m/n on input line 242.
LaTeX Font Info:    ... okay on input line 242.
LaTeX Font Info:    Checking defaults for U/cmr/m/n on input line 242.
LaTeX Font Info:    ... okay on input line 242.
LaTeX Font Info:    Checking defaults for TS1/cmr/m/n on input line 242.
LaTeX Font Info:    Try loading font information for TS1+cmr on input line 242.

(/usr/share/texlive/texmf-dist/tex/latex/base/ts1cmr.fd
File: ts1cmr.fd 2014/09/29 v2.5h Standard LaTeX font definitions
)
LaTeX Font Info:    ... okay on input line 242.
Package doc Info: Made | a short reference for \verb on input line 242.

(/usr/share/texlive/texmf-dist/tex/context/base/supp-pdf.mkii
[Loading MPS to PDF converter (version 2006.09.02).]
\scratchcounter=\count164
\scratchdimen=\dimen159
\scratchbox=\box68
\nofMPsegments=\count165
\nofMParguments=\count166
\everyMPshowfont=\toks21
\MPscratchCnt=\count167
\MPscratchDim=\dimen160
\MPnumerator=\count168
\makeMPintoPDFobject=\count169
\everyMPtoPDFconversion=\toks22
) (/usr/share/texlive/texmf-dist/tex/generic/oberdiek/pdftexcmds.sty
Package: pdftexcmds 2011/11/29 v0.20 Utility functions of pdfTeX for LuaTeX (HO
)

(/usr/share/texlive/texmf-dist/tex/generic/oberdiek/ifluatex.sty
Package: ifluatex 2010/03/01 v1.3 Provides the ifluatex switch (HO)
Package ifluatex Info: LuaTeX not detected.
)
(/usr/share/texlive/texmf-dist/tex/generic/oberdiek/ifpdf.sty
Package: ifpdf 2011/01/30 v2.3 Provides the ifpdf switch (HO)
Package ifpdf Info: pdfTeX in PDF mode is detected.
)
Package pdftexcmds Info: LuaTeX not detected.
Package pdftexcmds Info: \pdf@primitive is available.
Package pdftexcmds Info: \pdf@ifprimitive is available.
Package pdftexcmds Info: \pdfdraftmode found.
)
(/usr/share/texlive/texmf-dist/tex/latex/oberdiek/epstopdf-base.sty
Package: epstopdf-base 2010/02/09 v2.5 Base part for package epstopdf

(/usr/share/texlive/texmf-dist/tex/latex/oberdiek/grfext.sty
Package: grfext 2010/08/19 v1.1 Manage graphics extensions (HO)

(/usr/share/texlive/texmf-dist/tex/generic/oberdiek/kvdefinekeys.sty
Package: kvdefinekeys 2011/04/07 v1.3 Define keys (HO)
))
(/usr/share/texlive/texmf-dist/tex/latex/oberdiek/kvoptions.sty
Package: kvoptions 2011/06/30 v3.11 Key value format for package options (HO)

(/usr/share/texlive/texmf-dist/tex/generic/oberdiek/kvsetkeys.sty
Package: kvsetkeys 2012/04/25 v1.16 Key value parser (HO)

(/usr/share/texlive/texmf-dist/tex/generic/oberdiek/etexcmds.sty
Package: etexcmds 2011/02/16 v1.5 Avoid name clashes with e-TeX commands (HO)
Package etexcmds Info: Could not find \expanded.
(etexcmds)             That can mean that you are not using pdfTeX 1.50 or
(etexcmds)             that some package has redefined \expanded.
(etexcmds)             In the latter case, load this package earlier.
)))
Package grfext Info: Graphics extension search list:
(grfext)             [.png,.pdf,.jpg,.mps,.jpeg,.jbig2,.jb2,.PNG,.PDF,.JPG,.JPE
G,.JBIG2,.JB2,.eps]
(grfext)             \AppendGraphicsExtensions on input line 452.

(/usr/share/texlive/texmf-dist/tex/latex/latexconfig/epstopdf-sys.cfg
File: epstopdf-sys.cfg 2010/07/13 v1.3 Configuration of (r)epstopdf for TeX Liv
e
))
LaTeX Font Info:    External font `cmex10' loaded for size
(Font)              <12> on input line 243.
LaTeX Font Info:    External font `cmex10' loaded for size
(Font)              <8> on input line 243.
LaTeX Font Info:    External font `cmex10' loaded for size
(Font)              <6> on input line 243.
LaTeX Font Info:    External font `cmex10' loaded for size
(Font)              <5> on input line 243.

No file toptesi.toc.
\tf@toc=\write3
\openout3 = `toptesi.toc'.

(./toptesi.dtx
LaTeX Font Info:    External font `cmex10' loaded for size
(Font)              <9> on input line 270.
LaTeX Font Info:    External font `cmex10' loaded for size
(Font)              <7> on input line 304.
 [1

{/var/lib/texmf/fonts/map/pdftex/updmap/pdftex.map}]

LaTeX Warning: Reference `fig:simple-flow-diagram' on page 2 undefined on input
 line 324.


LaTeX Warning: Reference `fig:toptesi+frontspizio' on page 2 undefined on input
 line 360.


Overfull \hbox (12.53464pt too wide) in paragraph at lines 382--383
 [][] 
 []

[2]

LaTeX Warning: Reference `fig:key-value-option' on page 3 undefined on input li
ne 404.


Overfull \hbox (0.88248pt too wide) in paragraph at lines 413--413
[]\OT1/cmtt/m/n/9 toptesi.cls 
 []


Overfull \hbox (0.88248pt too wide) in paragraph at lines 413--413
\OT1/cmtt/m/n/9 toptesi.sty 
 []


Overfull \hbox (1.25758pt too wide) in paragraph at lines 421--421
 []\OT1/cmtt/m/n/10 toptesi-triennale 
 []


Overfull \hbox (0.83066pt too wide) in paragraph at lines 422--422
 []\OT1/cmtt/m/n/10 toptesi-magistrale 
 []


Overfull \hbox (1.25758pt too wide) in paragraph at lines 423--423
 []\OT1/cmtt/m/n/10 toptesi-dottorale 
 []

[3] [4] [5] [6] [7]

LaTeX Warning: Reference `sec:scudo' on page 8 undefined on input line 674.

LaTeX Font Info:    Font shape `OMS/cmtt/m/n' in size <10> not available
(Font)              Font shape `OMS/cmsy/m/n' tried instead on input line 708.
[8] [9] [10]
Underfull \hbox (badness 3009) in paragraph at lines 889--889
[][]\OT1/cmr/m/n/8 Actually \OT1/cmtt/m/n/8 ThesisTitlePage \OT1/cmr/m/n/8 is a
 wrap-per to a par-tic-u-lar in-stance of en-vi-ron-ment
 []

[11] [12]
Missing character: There is no Ë in font cmr10!
Missing character: There is no € in font cmr10!
 [13] [14] [15] [16] [17] [18] [19] [20] [21]
Overfull \hbox (37.99713pt too wide) in paragraph at lines 1650--1650
[]\OT1/cmtt/m/n/10 \TitoloListaCandidati\OMS/cmsy/m/n/10 f\OT1/cmtt/m/n/10 Kand
idat,Kandidaten,Kandidatin,Kandidatinen\OMS/cmsy/m/n/10 g  
 []

[22] [23]
Underfull \hbox (badness 1558) in paragraph at lines 1763--1765
[]\OT1/cmr/m/n/10 Such elim-i-nated com-mands in-clude []\OT1/cmtt/m/n/10 \mano
grafia\OT1/cmr/m/n/10 , []\OT1/cmtt/m/n/10 \sedutadidottorato\OT1/cmr/m/n/10 ,
 []

[24] [25]

LaTeX Warning: Reference `sec:topfront' on page 26 undefined on input line 1861
.

Missing character: There is no Ã in font cmti10!
Missing character: There is no © in font cmti10!
[26]
Missing character: There is no Ã in font cmti10!
Missing character: There is no   in font cmti10!
 [27] [28]
Missing character: There is no Ã in font cmr10!
Missing character: There is no   in font cmr10!
 [29] [30]

LaTeX Warning: Reference `sec:custom' on page 31 undefined on input line 2250.

[31]

LaTeX Font Warning: Font shape `OT1/cmr/bx/sc' undefined
(Font)              using `OT1/cmr/bx/n' instead on input line 2255.

[32] [33] [34] [35]
LaTeX Font Info:    Font shape `OT1/cmtt/bx/n' in size <12> not available
(Font)              Font shape `OT1/cmtt/m/n' tried instead on input line 2518.

 [36] [37] [38] [39] [40] [41] [42] [43] [44] [45] [46]
[47] [48] [49] [50] [51] [52] [53] [54] [55] [56]
Overfull \hbox (34.63689pt too wide) in paragraph at lines 3805--3810
\OT1/cmr/m/n/10 com-mands []\OT1/cmtt/m/n/10 \sommario \OT1/cmr/m/n/10 (alias [
]\OT1/cmtt/m/n/10 \summary\OT1/cmr/m/n/10 ) and []\OT1/cmtt/m/n/10 \ringraziame
nti \OT1/cmr/m/n/10 (alias []\OT1/cmtt/m/n/10 \acknowledgements\OT1/cmr/m/n/10 
)
 []

[57] [58] [59] [60] [61] [62] [63] [64] [65]
Overfull \hbox (85.63672pt too wide) in paragraph at lines 4388--4388
 [][]         \OT1/cmtt/m/n/9 \hbox to\textwidth{\hss\LARGE\rule[-1ex]{0pt}{3.3
ex}\MakeUppercase{\@ateneo}\hss}} 
 []

[66] [67] [68] [69] [70] [71] [72]
Overfull \hbox (43.11221pt too wide) in paragraph at lines 4840--4840
 [][]\OT1/cmtt/m/n/9 \newcommand\logosede[2][\T@Tlogoheight]{\def\@logosede{#2}
\TPT@logoheight=#1\relax 
 []

[73] [74] [75] [76] [77] [78]
Overfull \hbox (28.93738pt too wide) in paragraph at lines 5213--5213
 [][]      \OT1/cmtt/m/n/9 {\ifbool{topTPTlogos}{\vspace*{\dimexpr \headsep+2.5
ex}}{\vspace*{-3ex}}% 
 []

[79] [80] [81] [82]
Overfull \hbox (24.21243pt too wide) in paragraph at lines 5472--5472
 [][]\OT1/cmtt/m/n/9 % For theses of any kind that expect the supervisor and co
-supervisor names... 
 []

[83] [84] [85] [86] [87] [88]
Overfull \hbox (33.66232pt too wide) in paragraph at lines 5828--5828
 [][]     \OT1/cmtt/m/n/9 {makeindex -s nomencl.ist -t \jobname.nlg -o \jobname
.nls \jobname.nlo}")}} 
 []

[89]
Overfull \hbox (52.5621pt too wide) in paragraph at lines 5913--5913
 [][]\OT1/cmtt/m/n/9 \providecommand*\@Nsupervisor{Supervisor}\providecommand*\
@Nsupervisors{Supervisors} 
 []


Overfull \hbox (567.58112pt too wide) in paragraph at lines 5913--5913
 [][]\OT1/cmtt/m/n/9 \providecommand*\@creativecommons{This thesis is licensed 
under a Creative Commons License, Attribution - Noncommercial- NoDerivative Wor
ks 4.0 International: see \url{www.creativecommons.org}. 
 []


Overfull \hbox (175.41068pt too wide) in paragraph at lines 5913--5913
 [][]\OT1/cmtt/m/n/9 The text may be reproduced for non-commercial purposes, pr
ovided that credit is given to the original author.} 
 []

[90]
Overfull \hbox (66.73694pt too wide) in paragraph at lines 5966--5966
 [][]\OT1/cmtt/m/n/9 \newcommand\PhDschoolLogo[2][\T@Tlogoheight]{\def\@logosed
e{#2}\TPT@logoheight=#1\relax 
 []

[91] [92] [93] [94]
Missing character: There is no Ã in font cmtt9!
Missing character: There is no   in font cmtt9!

Overfull \hbox (47.83716pt too wide) in paragraph at lines 6187--6187
 [][]    \OT1/cmtt/m/n/9 \FacoltaDi{}% nessun prefisso per la facolt/no default
 faculty label for PoliTO 
 []

Missing character: There is no Ã in font cmtt9!
Missing character: There is no ¨ in font cmtt9!
[95] [96] [97] [98] [99]
Overfull \hbox (33.66232pt too wide) in paragraph at lines 6590--6590
 [][]\OT1/cmtt/m/n/9 \providecommand\@secondadviser{}\def\secondorelatore#1{\gd
ef\@secondadviser{#1}} 
 []

[100] [101]
Overfull \hbox (38.38727pt too wide) in paragraph at lines 6602--6602
 [][]\OT1/cmtt/m/n/9 \newcommand\struttura[2][]{\gdef\@struttura{\ifempty{#1}{}
{#1 }\@strutturadi #2}} 
 []

[102]
Overfull \hbox (43.11221pt too wide) in paragraph at lines 6641--6641
 [][]\OT1/cmtt/m/n/9 \newcommand\logosede[2][\T@Tlogoheight]{\def\@logosede{#2}
\TPT@logoheight=#1\relax 
 []

[103] [104]
Overfull \hbox (175.41068pt too wide) in paragraph at lines 6889--6889
 [][]   \OT1/cmtt/m/n/9 \ifbool{topTPTlogos}{\noindent\raisebox{-0.5em}[\z@][\z
@]{\makebox[\textwidth]{\printloghi}}\par\bigskip}{} 
 []


Overfull \hbox (99.81155pt too wide) in paragraph at lines 6889--6889
 [][]    \OT1/cmtt/m/n/9 \ifdefempty{\@strutturadi}{}{\vspace{\stretch{0.1}}\pa
r{\centering \Large\@struttura\par}} 
 []


Overfull \hbox (118.71133pt too wide) in paragraph at lines 6889--6889
 [][]   \OT1/cmtt/m/n/9 \ifdefempty{\@corsodistudi}{}{\bigskip{\centering\large
 \NomeCorsoDiStudi\ \@corsodistudi\par}} 
 []

[105] [106] [107] [108]

LaTeX Warning: Reference `sec:topmagistrale' on page 109 undefined on input lin
e 6953.

[109] [110] [111]
Overfull \hbox (43.11221pt too wide) in paragraph at lines 7177--7177
 [][]\OT1/cmtt/m/n/9 \newcommand\logosede[2][\T@Tlogoheight]{\def\@logosede{#2}
\TPT@logoheight=#1\relax 
 []

[112]

LaTeX Warning: Reference `sec:topfront' on page 113 undefined on input line 718
1.

[113] [114] [115] [116] [117] [118] [119] [120] [121] [122] [123] [124]
Overfull \hbox (43.11221pt too wide) in paragraph at lines 7843--7843
 [][]\OT1/cmtt/m/n/9 \newcommand\logosede[2][\T@Tlogoheight]{\def\@logosede{#2}
\TPT@logoheight=#1\relax 
 []

[125] [126]
Overfull \hbox (28.3052pt too wide) in paragraph at lines 7969--7975
[]\OT1/cmr/m/n/10 Among the set-ting com-mands there might be also the le-gal p
age []\OT1/cmtt/m/n/10 \retrofrontespizio
 []

[127]
Overfull \hbox (28.93738pt too wide) in paragraph at lines 8197--8197
 [][]      \OT1/cmtt/m/n/9 {\ifbool{topTPTlogos}{\vspace*{\dimexpr \headsep+2.5
ex}}{\vspace*{-3ex}}% 
 []

[128] [129] [130] [131] [132] [133]
Missing character: There is no Ã in font cmtt9!
Missing character: There is no ¨ in font cmtt9!
Missing character: There is no Ã in font cmtt9!
Missing character: There is no   in font cmtt9!
 [134]
*******************
* Checksum passed *
*******************
) [135] (./toptesi.aux)

LaTeX Font Warning: Some font shapes were not available, defaults substituted.


LaTeX Warning: There were undefined references.


LaTeX Warning: Label(s) may have changed. Rerun to get cross-references right.

 ) 
Here is how much of TeX's memory you used:
 10766 strings out of 493029
 193560 string characters out of 6136234
 234488 words of memory out of 5000000
 14211 multiletter control sequences out of 15000+600000
 14085 words of font info for 49 fonts, out of 8000000 for 9000
 1141 hyphenation exceptions out of 8191
 38i,14n,40p,10380b,489s stack positions out of 5000i,500n,10000p,200000b,80000s
{/usr/share/texmf/fonts/enc/dvips/cm-super/cm-super-ts1.enc}</usr/share/texli
ve/texmf-dist/fonts/type1/public/amsfonts/cm/cmbx10.pfb></usr/share/texlive/tex
mf-dist/fonts/type1/public/amsfonts/cm/cmbx12.pfb></usr/share/texlive/texmf-dis
t/fonts/type1/public/amsfonts/cm/cmbx9.pfb></usr/share/texlive/texmf-dist/fonts
/type1/public/amsfonts/cm/cmcsc10.pfb></usr/share/texlive/texmf-dist/fonts/type
1/public/amsfonts/cm/cmmi10.pfb></usr/share/texlive/texmf-dist/fonts/type1/publ
ic/amsfonts/cm/cmmi7.pfb></usr/share/texlive/texmf-dist/fonts/type1/public/amsf
onts/cm/cmr10.pfb></usr/share/texlive/texmf-dist/fonts/type1/public/amsfonts/cm
/cmr12.pfb></usr/share/texlive/texmf-dist/fonts/type1/public/amsfonts/cm/cmr17.
pfb></usr/share/texlive/texmf-dist/fonts/type1/public/amsfonts/cm/cmr6.pfb></us
r/share/texlive/texmf-dist/fonts/type1/public/amsfonts/cm/cmr7.pfb></usr/share/
texlive/texmf-dist/fonts/type1/public/amsfonts/cm/cmr8.pfb></usr/share/texlive/
texmf-dist/fonts/type1/public/amsfonts/cm/cmr9.pfb></usr/share/texlive/texmf-di
st/fonts/type1/public/amsfonts/cm/cmsl10.pfb></usr/share/texlive/texmf-dist/fon
ts/type1/public/amsfonts/cm/cmsl12.pfb></usr/share/texlive/texmf-dist/fonts/typ
e1/public/amsfonts/cm/cmsl8.pfb></usr/share/texlive/texmf-dist/fonts/type1/publ
ic/amsfonts/cm/cmsl9.pfb></usr/share/texlive/texmf-dist/fonts/type1/public/amsf
onts/cm/cmss10.pfb></usr/share/texlive/texmf-dist/fonts/type1/public/amsfonts/c
m/cmssi10.pfb></usr/share/texlive/texmf-dist/fonts/type1/public/amsfonts/cm/cms
y10.pfb></usr/share/texlive/texmf-dist/fonts/type1/public/amsfonts/cm/cmsy6.pfb
></usr/share/texlive/texmf-dist/fonts/type1/public/amsfonts/cm/cmsy7.pfb></usr/
share/texlive/texmf-dist/fonts/type1/public/amsfonts/cm/cmsy8.pfb></usr/share/t
exlive/texmf-dist/fonts/type1/public/amsfonts/cm/cmti10.pfb></usr/share/texlive
/texmf-dist/fonts/type1/public/amsfonts/cm/cmti9.pfb></usr/share/texlive/texmf-
dist/fonts/type1/public/amsfonts/cm/cmtt10.pfb></usr/share/texlive/texmf-dist/f
onts/type1/public/amsfonts/cm/cmtt12.pfb></usr/share/texlive/texmf-dist/fonts/t
ype1/public/amsfonts/cm/cmtt8.pfb></usr/share/texlive/texmf-dist/fonts/type1/pu
blic/amsfonts/cm/cmtt9.pfb></usr/share/texmf/fonts/type1/public/cm-super/sfrm10
00.pfb>
Output written on toptesi.pdf (135 pages, 647591 bytes).
PDF statistics:
 561 PDF objects out of 1000 (max. 8388607)
 390 compressed objects within 4 object streams
 0 named destinations out of 1000 (max. 500000)
 1 words of extra memory for PDF output out of 10000 (max. 10000000)

