\BOOKMARK [0][]{chapter*.4}{List of Tables}{}% 1
\BOOKMARK [0][]{chapter*.5}{List of Figures}{}% 2
\BOOKMARK [0][]{chapter.1}{Introduction}{}% 3
\BOOKMARK [0][]{chapter.2}{Background}{}% 4
\BOOKMARK [1][]{section.2.1}{Software-Defined Networking}{chapter.2}% 5
\BOOKMARK [1][]{section.2.2}{Knowledge-Defined Networking}{chapter.2}% 6
\BOOKMARK [1][]{section.2.3}{LSTM}{chapter.2}% 7
\BOOKMARK [0][]{chapter.3}{Offloading Architecture}{}% 8
\BOOKMARK [1][]{section.3.1}{Task Offloading}{chapter.3}% 9
\BOOKMARK [2][]{subsection.3.1.1}{Architecture}{section.3.1}% 10
\BOOKMARK [2][]{subsection.3.1.2}{Offloading Protocol}{section.3.1}% 11
\BOOKMARK [1][]{section.3.2}{Path prediction via Deep Learning}{chapter.3}% 12
\BOOKMARK [2][]{subsection.3.2.1}{Dataset}{section.3.2}% 13
\BOOKMARK [3][]{subsubsection.3.2.1.1}{Topology}{subsection.3.2.1}% 14
\BOOKMARK [3][]{subsubsection.3.2.1.2}{Routing information}{subsection.3.2.1}% 15
\BOOKMARK [3][]{subsubsection.3.2.1.3}{Router packet counter}{subsection.3.2.1}% 16
\BOOKMARK [3][]{subsubsection.3.2.1.4}{Dataset Generation}{subsection.3.2.1}% 17
\BOOKMARK [2][]{subsection.3.2.2}{Deep Learning Model}{section.3.2}% 18
\BOOKMARK [3][]{subsubsection.3.2.2.1}{Input/Output modeling}{subsection.3.2.2}% 19
\BOOKMARK [3][]{subsubsection.3.2.2.2}{Neural Network Architecture}{subsection.3.2.2}% 20
\BOOKMARK [1][]{section.3.3}{Implementation}{chapter.3}% 21
\BOOKMARK [0][]{chapter.4}{Related Work}{}% 22
\BOOKMARK [0][]{chapter.5}{Results}{}% 23
\BOOKMARK [1][]{section.5.1}{Learning from OSPF}{chapter.5}% 24
\BOOKMARK [1][]{section.5.2}{Replacing OSPF}{chapter.5}% 25
\BOOKMARK [0][]{chapter.6}{Conclusions and future work}{}% 26
\BOOKMARK [0][]{appendix.A}{Protocol messages implementation}{}% 27
\BOOKMARK [0][]{appendix.B}{Configure mininet to run the Quagga routing suite}{}% 28
